0 info it worked if it ends with ok
1 verbose cli [ '/data/data/com.termux/files/usr/bin/node',
1 verbose cli   '/data/data/com.termux/files/usr/bin/npm',
1 verbose cli   'install',
1 verbose cli   'express',
1 verbose cli   'ejs',
1 verbose cli   'mogojs',
1 verbose cli   'body-parser',
1 verbose cli   '--save' ]
2 info using npm@6.1.0
3 info using node@v8.11.3
4 verbose npm-session fcfd6f30dd1efb96
5 silly install loadCurrentTree
6 silly install readLocalPackageData
7 http fetch GET 304 https://registry.npmjs.org/ejs 850ms (from cache)
8 http fetch GET 304 https://registry.npmjs.org/body-parser 857ms (from cache)
9 http fetch GET 304 https://registry.npmjs.org/express 898ms (from cache)
10 silly pacote tag manifest for ejs@latest fetched in 912ms
11 silly pacote tag manifest for body-parser@latest fetched in 913ms
12 silly pacote tag manifest for express@latest fetched in 1043ms
13 http fetch GET 404 https://registry.npmjs.org/mogojs 1504ms
14 silly fetchPackageMetaData error for mogojs@latest 404 Not Found: mogojs@latest
15 timing stage:rollbackFailedOptional Completed in 6ms
16 timing stage:runTopLevelLifecycles Completed in 2511ms
17 verbose stack Error: 404 Not Found: mogojs@latest
17 verbose stack     at fetch.then.res (/data/data/com.termux/files/usr/lib/node_modules/npm/node_modules/pacote/lib/fetchers/registry/fetch.js:42:19)
17 verbose stack     at tryCatcher (/data/data/com.termux/files/usr/lib/node_modules/npm/node_modules/bluebird/js/release/util.js:16:23)
17 verbose stack     at Promise._settlePromiseFromHandler (/data/data/com.termux/files/usr/lib/node_modules/npm/node_modules/bluebird/js/release/promise.js:512:31)
17 verbose stack     at Promise._settlePromise (/data/data/com.termux/files/usr/lib/node_modules/npm/node_modules/bluebird/js/release/promise.js:569:18)
17 verbose stack     at Promise._settlePromise0 (/data/data/com.termux/files/usr/lib/node_modules/npm/node_modules/bluebird/js/release/promise.js:614:10)
17 verbose stack     at Promise._settlePromises (/data/data/com.termux/files/usr/lib/node_modules/npm/node_modules/bluebird/js/release/promise.js:693:18)
17 verbose stack     at Async._drainQueue (/data/data/com.termux/files/usr/lib/node_modules/npm/node_modules/bluebird/js/release/async.js:133:16)
17 verbose stack     at Async._drainQueues (/data/data/com.termux/files/usr/lib/node_modules/npm/node_modules/bluebird/js/release/async.js:143:10)
17 verbose stack     at Immediate.Async.drainQueues (/data/data/com.termux/files/usr/lib/node_modules/npm/node_modules/bluebird/js/release/async.js:17:14)
17 verbose stack     at runCallback (timers.js:810:20)
17 verbose stack     at tryOnImmediate (timers.js:768:5)
17 verbose stack     at processImmediate [as _immediateCallback] (timers.js:745:5)
18 verbose cwd /data/data/com.termux/files/home/development/nodeApps/template
19 verbose Linux 3.18.31-perf-g33ac87a
20 verbose argv "/data/data/com.termux/files/usr/bin/node" "/data/data/com.termux/files/usr/bin/npm" "install" "express" "ejs" "mogojs" "body-parser" "--save"
21 verbose node v8.11.3
22 verbose npm  v6.1.0
23 error code E404
24 error 404 Not Found: mogojs@latest
25 verbose exit [ 1, true ]
